[11:16:22] [ServerMain/INFO]: Environment: authHost='https://authserver.mojang.com', accountsHost='https://api.mojang.com', sessionHost='https://sessionserver.mojang.com', servicesHost='https://api.minecraftservices.com', name='PROD'
[11:16:30] [Worker-Main-2/INFO]: Loaded 7 recipes
[11:16:35] [Server thread/INFO]: Starting minecraft server version 1.18.2
[11:16:35] [Server thread/INFO]: Loading properties
[11:16:36] [Server thread/INFO]: This server is running CraftBukkit version 3497-Spigot-b081915-b02801a (MC: 1.18.2) (Implementing API version 1.18.2-R0.1-SNAPSHOT)
[11:16:37] [Server thread/INFO]: Debug logging is disabled
[11:16:37] [Server thread/INFO]: Server Ping Player Sample Count: 12
[11:16:37] [Server thread/INFO]: Using 4 threads for Netty based IO
[11:16:37] [Server thread/INFO]: Default game type: SURVIVAL
[11:16:37] [Server thread/INFO]: Generating keypair
[11:16:38] [Server thread/INFO]: Starting Minecraft server on *:25565
[11:16:38] [Server thread/INFO]: Using epoll channel type
[11:16:41] [Server thread/INFO]: [ViaVersion] Loading ViaVersion v4.2.1
[11:16:41] [Server thread/INFO]: [ViaVersion] ViaVersion 4.2.1 is now loaded, injecting!
[11:16:41] [Via-Mappingloader-0/INFO]: [ViaVersion] Loading 1.12 -> 1.13 mappings...
[11:16:42] [Via-Mappingloader-1/INFO]: [ViaVersion] Loading 1.13 -> 1.13.2 mappings...
[11:16:42] [Via-Mappingloader-2/INFO]: [ViaVersion] Loading 1.13.2 -> 1.14 mappings...
[11:16:42] [Via-Mappingloader-3/INFO]: [ViaVersion] Loading 1.14 -> 1.15 mappings...
[11:16:42] [Via-Mappingloader-4/INFO]: [ViaVersion] Loading 1.15 -> 1.16 mappings...
[11:16:42] [Via-Mappingloader-0/INFO]: [ViaVersion] Loading block connection mappings ...
[11:16:42] [Via-Mappingloader-1/INFO]: [ViaVersion] Loading 1.16 -> 1.16.2 mappings...
[11:16:42] [Via-Mappingloader-2/INFO]: [ViaVersion] Loading 1.16.2 -> 1.17 mappings...
[11:16:43] [Via-Mappingloader-4/INFO]: [ViaVersion] Loading 1.17 -> 1.18 mappings...
[11:16:43] [Server thread/INFO]: [Geyser-Spigot] Loading Geyser-Spigot v2.0.3-SNAPSHOT
[11:16:43] [Server thread/INFO]: [ViaBackwards] Loading ViaBackwards v4.2.1
[11:16:43] [Server thread/INFO]: [ViaBackwards] Loading translations...
[11:16:43] [Via-Mappingloader-1/INFO]: [ViaBackwards] Loading 1.10 -> 1.9.4 mappings...
[11:16:43] [Via-Mappingloader-4/INFO]: [ViaBackwards] Loading 1.11 -> 1.10 mappings...
[11:16:43] [Via-Mappingloader-0/INFO]: [ViaBackwards] Loading 1.12 -> 1.11 mappings...
[11:16:44] [Via-Mappingloader-0/INFO]: [ViaBackwards] Loading 1.13 -> 1.12 mappings...
[11:16:44] [Via-Mappingloader-4/INFO]: [ViaBackwards] Loading 1.13.2 -> 1.13 mappings...
[11:16:44] [Via-Mappingloader-4/INFO]: [ViaBackwards] Loading 1.14 -> 1.13.2 mappings...
[11:16:44] [Via-Mappingloader-0/INFO]: [ViaBackwards] Loading 1.15 -> 1.14 mappings...
[11:16:44] [Via-Mappingloader-0/INFO]: [ViaBackwards] Loading 1.16 -> 1.15 mappings...
[11:16:45] [Via-Mappingloader-4/INFO]: [ViaBackwards] Loading 1.16.2 -> 1.16 mappings...
[11:16:45] [Via-Mappingloader-4/INFO]: [ViaBackwards] Loading 1.17 -> 1.16.2 mappings...
[11:16:45] [Via-Mappingloader-4/INFO]: [ViaBackwards] Loading 1.18 -> 1.17 mappings...
[11:16:45] [Server thread/INFO]: [ViaRewind] Loading ViaRewind v2.0.2
[11:16:45] [Server thread/INFO]: [SkinsRestorer] Loading SkinsRestorer v14.1.15
[11:16:45] [Server thread/INFO]: [ViaRewind] Enabling ViaRewind v2.0.2
[11:16:46] [Server thread/WARN]: **** SERVER IS RUNNING IN OFFLINE/INSECURE MODE!
[11:16:46] [Server thread/WARN]: The server will make no attempt to authenticate usernames. Beware.
[11:16:46] [Server thread/WARN]: While this makes the game possible to play without internet access, it also opens up the ability for hackers to connect with any username they choose.
[11:16:46] [Server thread/WARN]: To change this, set "online-mode" to "true" in the server.properties file.
[11:16:46] [Server thread/INFO]: Preparing level "world"
[11:16:48] [Server thread/INFO]: -------- World Settings For [world] --------
[11:16:48] [Server thread/INFO]: Allow Zombie Pigmen to spawn from portal blocks: true
[11:16:48] [Server thread/INFO]: Item Despawn Rate: 6000
[11:16:48] [Server thread/INFO]: Item Merge Radius: 2.5
[11:16:48] [Server thread/INFO]: View Distance: 10
[11:16:48] [Server thread/INFO]: Simulation Distance: 10
[11:16:48] [Server thread/INFO]: Zombie Aggressive Towards Villager: true
[11:16:48] [Server thread/INFO]: Nerfing mobs spawned from spawners: false
[11:16:48] [Server thread/INFO]: Arrow Despawn Rate: 1200 Trident Respawn Rate:1200
[11:16:48] [Server thread/INFO]: Cactus Growth Modifier: 100%
[11:16:48] [Server thread/INFO]: Cane Growth Modifier: 100%
[11:16:48] [Server thread/INFO]: Melon Growth Modifier: 100%
[11:16:48] [Server thread/INFO]: Mushroom Growth Modifier: 100%
[11:16:48] [Server thread/INFO]: Pumpkin Growth Modifier: 100%
[11:16:48] [Server thread/INFO]: Sapling Growth Modifier: 100%
[11:16:48] [Server thread/INFO]: Beetroot Growth Modifier: 100%
[11:16:48] [Server thread/INFO]: Carrot Growth Modifier: 100%
[11:16:48] [Server thread/INFO]: Potato Growth Modifier: 100%
[11:16:48] [Server thread/INFO]: Wheat Growth Modifier: 100%
[11:16:48] [Server thread/INFO]: NetherWart Growth Modifier: 100%
[11:16:48] [Server thread/INFO]: Vine Growth Modifier: 100%
[11:16:48] [Server thread/INFO]: Cocoa Growth Modifier: 100%
[11:16:48] [Server thread/INFO]: Bamboo Growth Modifier: 100%
[11:16:48] [Server thread/INFO]: SweetBerry Growth Modifier: 100%
[11:16:48] [Server thread/INFO]: Kelp Growth Modifier: 100%
[11:16:48] [Server thread/INFO]: Experience Merge Radius: 3.0
[11:16:48] [Server thread/INFO]: Mob Spawn Range: 6
[11:16:48] [Server thread/INFO]: Entity Activation Range: An 32 / Mo 32 / Ra 48 / Mi 16 / Tiv true / Isa false
[11:16:48] [Server thread/INFO]: Custom Map Seeds:  Village: 10387312 Desert: 14357617 Igloo: 14357618 Jungle: 14357619 Swamp: 14357620 Monument: 10387313 Ocean: 14357621 Shipwreck: 165745295 End City: 10387313 Slime: 987234911 Nether: 30084232 Mansion: 10387319 Fossil: 14357921 Portal: 34222645
[11:16:48] [Server thread/INFO]: Max TNT Explosions: 100
[11:16:48] [Server thread/INFO]: Tile Max Tick Time: 50ms Entity max Tick Time: 50ms
[11:16:48] [Server thread/INFO]: Entity Tracking Range: Pl 48 / An 48 / Mo 48 / Mi 32 / Other 64
[11:16:48] [Server thread/INFO]: Hopper Transfer: 8 Hopper Check: 1 Hopper Amount: 1
[11:16:59] [Server thread/INFO]: -------- World Settings For [world_nether] --------
[11:16:59] [Server thread/INFO]: Allow Zombie Pigmen to spawn from portal blocks: true
[11:16:59] [Server thread/INFO]: Item Despawn Rate: 6000
[11:16:59] [Server thread/INFO]: Item Merge Radius: 2.5
[11:16:59] [Server thread/INFO]: View Distance: 10
[11:16:59] [Server thread/INFO]: Simulation Distance: 10
[11:16:59] [Server thread/INFO]: Zombie Aggressive Towards Villager: true
[11:16:59] [Server thread/INFO]: Nerfing mobs spawned from spawners: false
[11:16:59] [Server thread/INFO]: Arrow Despawn Rate: 1200 Trident Respawn Rate:1200
[11:16:59] [Server thread/INFO]: Cactus Growth Modifier: 100%
[11:16:59] [Server thread/INFO]: Cane Growth Modifier: 100%
[11:16:59] [Server thread/INFO]: Melon Growth Modifier: 100%
[11:16:59] [Server thread/INFO]: Mushroom Growth Modifier: 100%
[11:16:59] [Server thread/INFO]: Pumpkin Growth Modifier: 100%
[11:16:59] [Server thread/INFO]: Sapling Growth Modifier: 100%
[11:16:59] [Server thread/INFO]: Beetroot Growth Modifier: 100%
[11:16:59] [Server thread/INFO]: Carrot Growth Modifier: 100%
[11:16:59] [Server thread/INFO]: Potato Growth Modifier: 100%
[11:16:59] [Server thread/INFO]: Wheat Growth Modifier: 100%
[11:16:59] [Server thread/INFO]: NetherWart Growth Modifier: 100%
[11:16:59] [Server thread/INFO]: Vine Growth Modifier: 100%
[11:16:59] [Server thread/INFO]: Cocoa Growth Modifier: 100%
[11:16:59] [Server thread/INFO]: Bamboo Growth Modifier: 100%
[11:16:59] [Server thread/INFO]: SweetBerry Growth Modifier: 100%
[11:16:59] [Server thread/INFO]: Kelp Growth Modifier: 100%
[11:16:59] [Server thread/INFO]: Experience Merge Radius: 3.0
[11:16:59] [Server thread/INFO]: Mob Spawn Range: 6
[11:16:59] [Server thread/INFO]: Entity Activation Range: An 32 / Mo 32 / Ra 48 / Mi 16 / Tiv true / Isa false
[11:16:59] [Server thread/INFO]: Custom Map Seeds:  Village: 10387312 Desert: 14357617 Igloo: 14357618 Jungle: 14357619 Swamp: 14357620 Monument: 10387313 Ocean: 14357621 Shipwreck: 165745295 End City: 10387313 Slime: 987234911 Nether: 30084232 Mansion: 10387319 Fossil: 14357921 Portal: 34222645
[11:16:59] [Server thread/INFO]: Max TNT Explosions: 100
[11:16:59] [Server thread/INFO]: Tile Max Tick Time: 50ms Entity max Tick Time: 50ms
[11:16:59] [Server thread/INFO]: Entity Tracking Range: Pl 48 / An 48 / Mo 48 / Mi 32 / Other 64
[11:16:59] [Server thread/INFO]: Hopper Transfer: 8 Hopper Check: 1 Hopper Amount: 1
[11:17:00] [Server thread/INFO]: -------- World Settings For [world_the_end] --------
[11:17:00] [Server thread/INFO]: Allow Zombie Pigmen to spawn from portal blocks: true
[11:17:00] [Server thread/INFO]: Item Despawn Rate: 6000
[11:17:00] [Server thread/INFO]: Item Merge Radius: 2.5
[11:17:00] [Server thread/INFO]: View Distance: 10
[11:17:00] [Server thread/INFO]: Simulation Distance: 10
[11:17:00] [Server thread/INFO]: Zombie Aggressive Towards Villager: true
[11:17:00] [Server thread/INFO]: Nerfing mobs spawned from spawners: false
[11:17:00] [Server thread/INFO]: Arrow Despawn Rate: 1200 Trident Respawn Rate:1200
[11:17:00] [Server thread/INFO]: Cactus Growth Modifier: 100%
[11:17:00] [Server thread/INFO]: Cane Growth Modifier: 100%
[11:17:00] [Server thread/INFO]: Melon Growth Modifier: 100%
[11:17:00] [Server thread/INFO]: Mushroom Growth Modifier: 100%
[11:17:00] [Server thread/INFO]: Pumpkin Growth Modifier: 100%
[11:17:00] [Server thread/INFO]: Sapling Growth Modifier: 100%
[11:17:00] [Server thread/INFO]: Beetroot Growth Modifier: 100%
[11:17:00] [Server thread/INFO]: Carrot Growth Modifier: 100%
[11:17:00] [Server thread/INFO]: Potato Growth Modifier: 100%
[11:17:00] [Server thread/INFO]: Wheat Growth Modifier: 100%
[11:17:00] [Server thread/INFO]: NetherWart Growth Modifier: 100%
[11:17:00] [Server thread/INFO]: Vine Growth Modifier: 100%
[11:17:00] [Server thread/INFO]: Cocoa Growth Modifier: 100%
[11:17:00] [Server thread/INFO]: Bamboo Growth Modifier: 100%
[11:17:00] [Server thread/INFO]: SweetBerry Growth Modifier: 100%
[11:17:00] [Server thread/INFO]: Kelp Growth Modifier: 100%
[11:17:00] [Server thread/INFO]: Experience Merge Radius: 3.0
[11:17:00] [Server thread/INFO]: Mob Spawn Range: 6
[11:17:00] [Server thread/INFO]: Entity Activation Range: An 32 / Mo 32 / Ra 48 / Mi 16 / Tiv true / Isa false
[11:17:00] [Server thread/INFO]: Custom Map Seeds:  Village: 10387312 Desert: 14357617 Igloo: 14357618 Jungle: 14357619 Swamp: 14357620 Monument: 10387313 Ocean: 14357621 Shipwreck: 165745295 End City: 10387313 Slime: 987234911 Nether: 30084232 Mansion: 10387319 Fossil: 14357921 Portal: 34222645
[11:17:00] [Server thread/INFO]: Max TNT Explosions: 100
[11:17:00] [Server thread/INFO]: Tile Max Tick Time: 50ms Entity max Tick Time: 50ms
[11:17:00] [Server thread/INFO]: Entity Tracking Range: Pl 48 / An 48 / Mo 48 / Mi 32 / Other 64
[11:17:00] [Server thread/INFO]: Hopper Transfer: 8 Hopper Check: 1 Hopper Amount: 1
[11:17:00] [Server thread/INFO]: Preparing start region for dimension minecraft:overworld
[11:17:05] [Worker-Main-2/INFO]: Preparing spawn area: 0%
[11:17:05] [Worker-Main-2/INFO]: Preparing spawn area: 0%
[11:17:05] [Worker-Main-2/INFO]: Preparing spawn area: 0%
[11:17:05] [Worker-Main-2/INFO]: Preparing spawn area: 0%
[11:17:05] [Worker-Main-2/INFO]: Preparing spawn area: 0%
[11:17:05] [Worker-Main-2/INFO]: Preparing spawn area: 0%
[11:17:05] [Worker-Main-2/INFO]: Preparing spawn area: 0%
[11:17:05] [Worker-Main-2/INFO]: Preparing spawn area: 0%
[11:17:05] [Worker-Main-2/INFO]: Preparing spawn area: 0%
[11:17:05] [Worker-Main-2/INFO]: Preparing spawn area: 0%
[11:17:05] [Worker-Main-2/INFO]: Preparing spawn area: 0%
[11:17:05] [Worker-Main-2/INFO]: Preparing spawn area: 0%
[11:17:06] [Worker-Main-2/INFO]: Preparing spawn area: 0%
[11:17:06] [Worker-Main-2/INFO]: Preparing spawn area: 0%
[11:17:07] [Worker-Main-2/INFO]: Preparing spawn area: 0%
[11:17:07] [Worker-Main-2/INFO]: Preparing spawn area: 0%
[11:17:08] [Worker-Main-2/INFO]: Preparing spawn area: 0%
[11:17:08] [Worker-Main-2/INFO]: Preparing spawn area: 0%
[11:17:09] [Worker-Main-2/INFO]: Preparing spawn area: 0%
[11:17:09] [Worker-Main-2/INFO]: Preparing spawn area: 0%
[11:17:10] [Worker-Main-2/INFO]: Preparing spawn area: 0%
[11:17:10] [Worker-Main-2/INFO]: Preparing spawn area: 0%
[11:17:11] [Worker-Main-2/INFO]: Preparing spawn area: 1%
[11:17:11] [Worker-Main-2/INFO]: Preparing spawn area: 1%
[11:17:12] [Worker-Main-2/INFO]: Preparing spawn area: 3%
[11:17:12] [Worker-Main-2/INFO]: Preparing spawn area: 4%
[11:17:13] [Worker-Main-2/INFO]: Preparing spawn area: 5%
[11:17:13] [Worker-Main-2/INFO]: Preparing spawn area: 8%
[11:17:14] [Worker-Main-2/INFO]: Preparing spawn area: 12%
[11:17:14] [Worker-Main-2/INFO]: Preparing spawn area: 16%
[11:17:15] [Worker-Main-2/INFO]: Preparing spawn area: 21%
[11:17:15] [Worker-Main-2/INFO]: Preparing spawn area: 24%
[11:17:16] [Worker-Main-2/INFO]: Preparing spawn area: 35%
[11:17:16] [Worker-Main-2/INFO]: Preparing spawn area: 36%
[11:17:17] [Worker-Main-2/INFO]: Preparing spawn area: 44%
[11:17:17] [Worker-Main-2/INFO]: Preparing spawn area: 51%
[11:17:18] [Worker-Main-2/INFO]: Preparing spawn area: 56%
[11:17:18] [Worker-Main-2/INFO]: Preparing spawn area: 68%
[11:17:19] [Worker-Main-2/INFO]: Preparing spawn area: 74%
[11:17:19] [Worker-Main-2/INFO]: Preparing spawn area: 83%
[11:17:20] [Worker-Main-2/INFO]: Preparing spawn area: 85%
[11:17:20] [Worker-Main-2/INFO]: Preparing spawn area: 87%
[11:17:21] [Worker-Main-2/INFO]: Preparing spawn area: 91%
[11:17:21] [Worker-Main-2/INFO]: Preparing spawn area: 92%
[11:17:22] [Worker-Main-2/INFO]: Preparing spawn area: 93%
[11:17:23] [Worker-Main-2/INFO]: Preparing spawn area: 95%
[11:17:23] [Worker-Main-2/INFO]: Preparing spawn area: 95%
[11:17:23] [Server thread/INFO]: Time elapsed: 23381 ms
[11:17:24] [Server thread/INFO]: Preparing start region for dimension minecraft:the_nether
[11:17:27] [Worker-Main-2/INFO]: Preparing spawn area: 0%
[11:17:27] [Worker-Main-2/INFO]: Preparing spawn area: 0%
[11:17:27] [Worker-Main-2/INFO]: Preparing spawn area: 0%
[11:17:27] [Worker-Main-2/INFO]: Preparing spawn area: 0%
[11:17:27] [Worker-Main-2/INFO]: Preparing spawn area: 0%
[11:17:27] [Worker-Main-2/INFO]: Preparing spawn area: 0%
[11:17:27] [Worker-Main-2/INFO]: Preparing spawn area: 0%
[11:17:27] [Worker-Main-2/INFO]: Preparing spawn area: 0%
[11:17:28] [Worker-Main-2/INFO]: Preparing spawn area: 0%
[11:17:28] [Worker-Main-2/INFO]: Preparing spawn area: 0%
[11:17:29] [Worker-Main-2/INFO]: Preparing spawn area: 0%
[11:17:29] [Worker-Main-2/INFO]: Preparing spawn area: 0%
[11:17:30] [Worker-Main-2/INFO]: Preparing spawn area: 0%
[11:17:30] [Worker-Main-2/INFO]: Preparing spawn area: 1%
[11:17:31] [Worker-Main-2/INFO]: Preparing spawn area: 1%
[11:17:31] [Worker-Main-2/INFO]: Preparing spawn area: 1%
[11:17:32] [Worker-Main-2/INFO]: Preparing spawn area: 3%
[11:17:32] [Worker-Main-2/INFO]: Preparing spawn area: 6%
[11:17:33] [Worker-Main-2/INFO]: Preparing spawn area: 7%
[11:17:33] [Worker-Main-2/INFO]: Preparing spawn area: 11%
[11:17:34] [Worker-Main-2/INFO]: Preparing spawn area: 20%
[11:17:34] [Worker-Main-2/INFO]: Preparing spawn area: 32%
[11:17:35] [Worker-Main-2/INFO]: Preparing spawn area: 39%
[11:17:35] [Worker-Main-2/INFO]: Preparing spawn area: 53%
[11:17:36] [Worker-Main-2/INFO]: Preparing spawn area: 62%
[11:17:36] [Worker-Main-2/INFO]: Preparing spawn area: 78%
[11:17:37] [Worker-Main-2/INFO]: Preparing spawn area: 92%
[11:17:37] [Server thread/INFO]: Time elapsed: 13550 ms
[11:17:37] [Server thread/INFO]: Preparing start region for dimension minecraft:the_end
[11:17:40] [Worker-Main-2/INFO]: Preparing spawn area: 0%
[11:17:40] [Worker-Main-2/INFO]: Preparing spawn area: 0%
[11:17:40] [Worker-Main-2/INFO]: Preparing spawn area: 0%
[11:17:40] [Worker-Main-2/INFO]: Preparing spawn area: 0%
[11:17:40] [Worker-Main-2/INFO]: Preparing spawn area: 0%
[11:17:40] [Worker-Main-2/INFO]: Preparing spawn area: 0%
[11:17:40] [Worker-Main-2/INFO]: Preparing spawn area: 0%
[11:17:41] [Worker-Main-2/INFO]: Preparing spawn area: 0%
[11:17:41] [Worker-Main-2/INFO]: Preparing spawn area: 0%
[11:17:42] [Worker-Main-2/INFO]: Preparing spawn area: 0%
[11:17:42] [Worker-Main-2/INFO]: Preparing spawn area: 1%
[11:17:43] [Worker-Main-2/INFO]: Preparing spawn area: 3%
[11:17:43] [Worker-Main-2/INFO]: Preparing spawn area: 3%
[11:17:44] [Worker-Main-2/INFO]: Preparing spawn area: 13%
[11:17:44] [Worker-Main-2/INFO]: Preparing spawn area: 25%
[11:17:45] [Worker-Main-2/INFO]: Preparing spawn area: 38%
[11:17:45] [Worker-Main-2/INFO]: Preparing spawn area: 68%
[11:17:46] [Worker-Main-2/INFO]: Preparing spawn area: 84%
[11:17:46] [Server thread/INFO]: Time elapsed: 9074 ms
[11:17:46] [Server thread/INFO]: [ViaVersion] Enabling ViaVersion v4.2.1
[11:17:46] [Server thread/INFO]: [Geyser-Spigot] Enabling Geyser-Spigot v2.0.3-SNAPSHOT
[11:17:48] [Server thread/INFO]: [Geyser-Spigot] ******************************************
[11:17:48] [Server thread/INFO]: [Geyser-Spigot] 
[11:17:48] [Server thread/INFO]: [Geyser-Spigot] Carregando Geyser versão 2.0.3-SNAPSHOT (git-master-c83eb7f)
[11:17:48] [Server thread/INFO]: [Geyser-Spigot] 
[11:17:48] [Server thread/INFO]: [Geyser-Spigot] ******************************************
[11:18:00] [Server thread/INFO]: [Geyser-Spigot] Geyser iniciado em 0.0.0.0: 19132
[11:18:00] [Server thread/INFO]: [Geyser-Spigot] Concluído (11,977 s)! Execute /geyser help para obter ajuda!
[11:18:00] [Server thread/INFO]: [ViaBackwards] Enabling ViaBackwards v4.2.1
[11:18:00] [Server thread/INFO]: [SkinsRestorer] Enabling SkinsRestorer v14.1.15
[11:18:01] [Server thread/INFO]: [33;1m[[32;22mSkinsRestorer[33;1m] [0;39m[32;1mDetected Minecraft [33;1mv1_18_R2[32;1m, using [33;1mMappingSpigotSkinRefresher[32;1m.[0;39m[m
[11:18:02] [Server thread/INFO]: Server permissions file permissions.yml is empty, ignoring it
[11:18:02] [Server thread/INFO]: Done (76.625s)! For help, type "help"
[11:18:02] [Server thread/INFO]: [ViaVersion] ViaVersion detected server version: 1.18.2 (758)
[11:18:02] [Server thread/INFO]: [ViaVersion] Finished mapping loading, shutting down loader executor!
[11:18:03] [Craft Scheduler Thread - 1/INFO]: [33;1m[[32;22mSkinsRestorer[33;1m] [0;39m[32;1m----------------------------------------------[0;39m[m
[11:18:03] [Craft Scheduler Thread - 1/INFO]: [33;1m[[32;22mSkinsRestorer[33;1m] [0;39m[32;1m    +==================+[0;39m[m
[11:18:03] [Craft Scheduler Thread - 1/INFO]: [33;1m[[32;22mSkinsRestorer[33;1m] [0;39m[32;1m    |   SkinsRestorer  |[0;39m[m
[11:18:03] [Craft Scheduler Thread - 1/INFO]: [33;1m[[32;22mSkinsRestorer[33;1m] [0;39m[32;1m    |------------------|[0;39m[m
[11:18:03] [Craft Scheduler Thread - 1/INFO]: [33;1m[[32;22mSkinsRestorer[33;1m] [0;39m[32;1m    |  [34;1m[4m[21mStandalone Mode[0;39m[32;1m |[0;39m[m
[11:18:03] [Craft Scheduler Thread - 1/INFO]: [33;1m[[32;22mSkinsRestorer[33;1m] [0;39m[32;1m    +==================+[0;39m[m
[11:18:03] [Craft Scheduler Thread - 1/INFO]: [33;1m[[32;22mSkinsRestorer[33;1m] [0;39m[32;1m----------------------------------------------[0;39m[m
[11:18:03] [Craft Scheduler Thread - 1/INFO]: [33;1m[[32;22mSkinsRestorer[33;1m] [0;39m[36;1m    Current version: [32;1m14.1.15[0;39m[m
[11:18:03] [Craft Scheduler Thread - 1/INFO]: [33;1m[[32;22mSkinsRestorer[33;1m] [0;39m[32;1m    This is the latest version![0;39m[m
[11:18:03] [Craft Scheduler Thread - 1/INFO]: [33;1m[[32;22mSkinsRestorer[33;1m] [0;39m[32;1m----------------------------------------------[0;39m[m
[12:34:18] [Network Listener - #1/INFO]: [Geyser-Spigot] /179.231.13.141:42152 tentou conectar!
[12:34:18] [Network Listener - #2/INFO]: [Geyser-Spigot] Usuário do bedrock com ip: /179.231.13.141 desconectou pelo motivo Proxy Geyser desatualizado! Este servidor suporta as seguintes versões do Bedrock: 1.18.0/1.18.1/1.18.2, 1.18.10/1.18.12, 1.18.30/1.18.31
[12:36:16] [Server thread/INFO]: Stopping the server
[12:36:16] [Server thread/INFO]: Stopping server
[12:36:16] [Server thread/INFO]: [SkinsRestorer] Disabling SkinsRestorer v14.1.15
[12:36:16] [Server thread/INFO]: [ViaRewind] Disabling ViaRewind v2.0.2
[12:36:16] [Server thread/INFO]: [ViaBackwards] Disabling ViaBackwards v4.2.1
[12:36:16] [Server thread/INFO]: [Geyser-Spigot] Disabling Geyser-Spigot v2.0.3-SNAPSHOT
[12:36:16] [Server thread/INFO]: [Geyser-Spigot] Desligando o Geyser.
[12:36:16] [Server thread/INFO]: [Geyser-Spigot] Geyser encerrado com sucesso.
[12:36:16] [Server thread/INFO]: [ViaVersion] Disabling ViaVersion v4.2.1
[12:36:16] [Server thread/INFO]: [ViaVersion] ViaVersion is disabling, if this is a reload and you experience issues consider rebooting.
[12:36:16] [Server thread/INFO]: [ViaVersion] Empty pipeline, nothing to uninject
[12:36:16] [Server thread/INFO]: Saving players
[12:36:16] [Server thread/INFO]: Saving worlds
[12:36:26] [Server thread/INFO]: Saving chunks for level 'ServerLevel[world]'/minecraft:overworld
[12:36:49] [Server thread/INFO]: Saving chunks for level 'ServerLevel[world_nether]'/minecraft:the_nether
[12:36:50] [Server thread/INFO]: Saving chunks for level 'ServerLevel[world_the_end]'/minecraft:the_end
[12:36:51] [Server thread/INFO]: ThreadedAnvilChunkStorage (world): All chunks are saved
[12:36:51] [Server thread/INFO]: ThreadedAnvilChunkStorage (DIM-1): All chunks are saved
[12:36:51] [Server thread/INFO]: ThreadedAnvilChunkStorage (DIM1): All chunks are saved
[12:36:51] [Server thread/INFO]: ThreadedAnvilChunkStorage: All dimensions are saved
